<?xml version="1.0" encoding="UTF-8" ?>
<testsuite errors="2" failures="0" hostname="Sydney-Kos-MacBook-Pro.local" name="com.flatironschool.javacs.MyLinkedListTest" skipped="0" tests="20" time="0.105" timestamp="2016-04-19T04:31:45">
  <properties>
[...]
</properties>
  <testcase classname="com.flatironschool.javacs.MyLinkedListTest" name="testToArray" time="0.005" />
  <testcase classname="com.flatironschool.javacs.MyLinkedListTest" name="testAddIntT" time="0.001" />
  <testcase classname="com.flatironschool.javacs.MyLinkedListTest" name="testGet" time="0.0" />
  <testcase classname="com.flatironschool.javacs.MyLinkedListTest" name="testSet" time="0.0" />
  <testcase classname="com.flatironschool.javacs.MyLinkedListTest" name="testAddAllCollectionOfQextendsT" time="0.0" />
  <testcase classname="com.flatironschool.javacs.MyLinkedListTest" name="testClear" time="0.0" />
  <testcase classname="com.flatironschool.javacs.MyLinkedListTest" name="testAddT" time="0.0" />
  <testcase classname="com.flatironschool.javacs.MyLinkedListTest" name="testSize" time="0.0" />
  <testcase classname="com.flatironschool.javacs.MyLinkedListTest" name="testLastIndexOf" time="0.0" />
  <testcase classname="com.flatironschool.javacs.MyLinkedListTest" name="testMyArrayList" time="0.0" />
  <testcase classname="com.flatironschool.javacs.MyLinkedListTest" name="testContainsAll" time="0.0" />
  <testcase classname="com.flatironschool.javacs.MyLinkedListTest" name="testRemoveObject" time="0.0" />
  <testcase classname="com.flatironschool.javacs.MyLinkedListTest" name="testContains" time="0.006">
    <error type="java.lang.NullPointerException">java.lang.NullPointerException
	at com.flatironschool.javacs.MyLinkedList.indexOf(MyLinkedList.java:175)
	at com.flatironschool.javacs.MyLinkedList.contains(MyLinkedList.java:135)
	at com.flatironschool.javacs.MyLinkedListTest.testContains(MyLinkedListTest.java:122)
</error>
  </testcase>
  <testcase classname="com.flatironschool.javacs.MyLinkedListTest" name="testIndexOfNull" time="0.001">
    <error type="java.lang.NullPointerException">java.lang.NullPointerException
	at com.flatironschool.javacs.MyLinkedList.indexOf(MyLinkedList.java:175)
	at com.flatironschool.javacs.MyLinkedListTest.testIndexOfNull(MyLinkedListTest.java:162)
</error>
  </testcase>
  <testcase classname="com.flatironschool.javacs.MyLinkedListTest" name="testIndexOf" time="0.0" />
  <testcase classname="com.flatironschool.javacs.MyLinkedListTest" name="testIsEmpty" time="0.002" />
  <testcase classname="com.flatironschool.javacs.MyLinkedListTest" name="testIterator" time="0.0" />
  <testcase classname="com.flatironschool.javacs.MyLinkedListTest" name="testRemoveAll" time="0.001" />
  <testcase classname="com.flatironschool.javacs.MyLinkedListTest" name="testRemoveInt" time="0.0" />
  <testcase classname="com.flatironschool.javacs.MyLinkedListTest" name="testSubList" time="0.0" />
  <system-out><![CDATA[original size:3index:1
end size:4
1--5--2--3--original size:4index:0
end size:5
6--1--5--2--3--original size:5index:5
end size:6
6--1--5--2--3--7--]]></system-out>
  <system-err><![CDATA[]]></system-err>
</testsuite>
